<?xml version="1.0" encoding="UTF-8"?>
<testsuite xmlns:xsi="http://www.w3.org/2001/XMLSchema-instance" xsi:noNamespaceSchemaLocation="https://maven.apache.org/surefire/maven-surefire-plugin/xsd/surefire-test-report.xsd" name="com.airport.controller.AirportManagementControllerTest" time="0.214" tests="17" errors="0" skipped="0" failures="17">
  <properties>
    <property name="sun.desktop" value="windows"/>
    <property name="awt.toolkit" value="sun.awt.windows.WToolkit"/>
    <property name="java.specification.version" value="11"/>
    <property name="sun.cpu.isalist" value="amd64"/>
    <property name="sun.jnu.encoding" value="Cp1252"/>
    <property name="java.class.path" value="C:\Users\sanyo\IdeaProjects\AirportManagementSystem\target\test-classes;C:\Users\sanyo\IdeaProjects\AirportManagementSystem\target\classes;C:\Users\sanyo\.m2\repository\org\springframework\boot\spring-boot-starter\2.4.4\spring-boot-starter-2.4.4.jar;C:\Users\sanyo\.m2\repository\org\springframework\boot\spring-boot\2.4.4\spring-boot-2.4.4.jar;C:\Users\sanyo\.m2\repository\org\springframework\spring-context\5.3.5\spring-context-5.3.5.jar;C:\Users\sanyo\.m2\repository\org\springframework\boot\spring-boot-autoconfigure\2.4.4\spring-boot-autoconfigure-2.4.4.jar;C:\Users\sanyo\.m2\repository\org\springframework\boot\spring-boot-starter-logging\2.4.4\spring-boot-starter-logging-2.4.4.jar;C:\Users\sanyo\.m2\repository\ch\qos\logback\logback-classic\1.2.3\logback-classic-1.2.3.jar;C:\Users\sanyo\.m2\repository\ch\qos\logback\logback-core\1.2.3\logback-core-1.2.3.jar;C:\Users\sanyo\.m2\repository\org\apache\logging\log4j\log4j-to-slf4j\2.13.3\log4j-to-slf4j-2.13.3.jar;C:\Users\sanyo\.m2\repository\org\apache\logging\log4j\log4j-api\2.13.3\log4j-api-2.13.3.jar;C:\Users\sanyo\.m2\repository\org\slf4j\jul-to-slf4j\1.7.30\jul-to-slf4j-1.7.30.jar;C:\Users\sanyo\.m2\repository\jakarta\annotation\jakarta.annotation-api\1.3.5\jakarta.annotation-api-1.3.5.jar;C:\Users\sanyo\.m2\repository\org\springframework\spring-core\5.3.5\spring-core-5.3.5.jar;C:\Users\sanyo\.m2\repository\org\springframework\spring-jcl\5.3.5\spring-jcl-5.3.5.jar;C:\Users\sanyo\.m2\repository\org\yaml\snakeyaml\1.27\snakeyaml-1.27.jar;C:\Users\sanyo\.m2\repository\org\springframework\boot\spring-boot-starter-web\2.4.4\spring-boot-starter-web-2.4.4.jar;C:\Users\sanyo\.m2\repository\org\springframework\boot\spring-boot-starter-json\2.4.4\spring-boot-starter-json-2.4.4.jar;C:\Users\sanyo\.m2\repository\com\fasterxml\jackson\core\jackson-databind\2.11.4\jackson-databind-2.11.4.jar;C:\Users\sanyo\.m2\repository\com\fasterxml\jackson\core\jackson-annotations\2.11.4\jackson-annotations-2.11.4.jar;C:\Users\sanyo\.m2\repository\com\fasterxml\jackson\core\jackson-core\2.11.4\jackson-core-2.11.4.jar;C:\Users\sanyo\.m2\repository\com\fasterxml\jackson\datatype\jackson-datatype-jdk8\2.11.4\jackson-datatype-jdk8-2.11.4.jar;C:\Users\sanyo\.m2\repository\com\fasterxml\jackson\datatype\jackson-datatype-jsr310\2.11.4\jackson-datatype-jsr310-2.11.4.jar;C:\Users\sanyo\.m2\repository\com\fasterxml\jackson\module\jackson-module-parameter-names\2.11.4\jackson-module-parameter-names-2.11.4.jar;C:\Users\sanyo\.m2\repository\org\springframework\boot\spring-boot-starter-tomcat\2.4.4\spring-boot-starter-tomcat-2.4.4.jar;C:\Users\sanyo\.m2\repository\org\apache\tomcat\embed\tomcat-embed-core\9.0.44\tomcat-embed-core-9.0.44.jar;C:\Users\sanyo\.m2\repository\org\glassfish\jakarta.el\3.0.3\jakarta.el-3.0.3.jar;C:\Users\sanyo\.m2\repository\org\apache\tomcat\embed\tomcat-embed-websocket\9.0.44\tomcat-embed-websocket-9.0.44.jar;C:\Users\sanyo\.m2\repository\org\springframework\spring-web\5.3.5\spring-web-5.3.5.jar;C:\Users\sanyo\.m2\repository\org\springframework\spring-beans\5.3.5\spring-beans-5.3.5.jar;C:\Users\sanyo\.m2\repository\org\springframework\spring-webmvc\5.3.5\spring-webmvc-5.3.5.jar;C:\Users\sanyo\.m2\repository\org\springframework\spring-aop\5.3.5\spring-aop-5.3.5.jar;C:\Users\sanyo\.m2\repository\org\springframework\spring-expression\5.3.5\spring-expression-5.3.5.jar;C:\Users\sanyo\.m2\repository\junit\junit\4.12\junit-4.12.jar;C:\Users\sanyo\.m2\repository\org\hamcrest\hamcrest-core\2.2\hamcrest-core-2.2.jar;C:\Users\sanyo\.m2\repository\org\hamcrest\hamcrest\2.2\hamcrest-2.2.jar;C:\Users\sanyo\.m2\repository\org\mockito\mockito-all\1.10.19\mockito-all-1.10.19.jar;C:\Users\sanyo\.m2\repository\org\slf4j\slf4j-api\1.7.30\slf4j-api-1.7.30.jar;C:\Users\sanyo\.m2\repository\org\slf4j\slf4j-simple\1.7.30\slf4j-simple-1.7.30.jar;C:\Users\sanyo\.m2\repository\commons-logging\commons-logging\1.2\commons-logging-1.2.jar;"/>
    <property name="java.vm.vendor" value="Oracle Corporation"/>
    <property name="sun.arch.data.model" value="64"/>
    <property name="user.variant" value=""/>
    <property name="java.vendor.url" value="https://openjdk.java.net/"/>
    <property name="user.timezone" value="Asia/Calcutta"/>
    <property name="java.vm.specification.version" value="11"/>
    <property name="os.name" value="Windows 10"/>
    <property name="sun.java.launcher" value="SUN_STANDARD"/>
    <property name="user.country" value="IN"/>
    <property name="sun.boot.library.path" value="C:\Program Files\Java\jdk-11.0.8\bin"/>
    <property name="sun.java.command" value="C:\Users\sanyo\AppData\Local\Temp\surefire3788933161708901113\surefirebooter8979870603267230216.jar C:\Users\sanyo\AppData\Local\Temp\surefire3788933161708901113 2021-05-29T14-51-52_658-jvmRun1 surefire12046703867720005720tmp surefire_012220820232391672285tmp"/>
    <property name="jdk.debug" value="release"/>
    <property name="surefire.test.class.path" value="C:\Users\sanyo\IdeaProjects\AirportManagementSystem\target\test-classes;C:\Users\sanyo\IdeaProjects\AirportManagementSystem\target\classes;C:\Users\sanyo\.m2\repository\org\springframework\boot\spring-boot-starter\2.4.4\spring-boot-starter-2.4.4.jar;C:\Users\sanyo\.m2\repository\org\springframework\boot\spring-boot\2.4.4\spring-boot-2.4.4.jar;C:\Users\sanyo\.m2\repository\org\springframework\spring-context\5.3.5\spring-context-5.3.5.jar;C:\Users\sanyo\.m2\repository\org\springframework\boot\spring-boot-autoconfigure\2.4.4\spring-boot-autoconfigure-2.4.4.jar;C:\Users\sanyo\.m2\repository\org\springframework\boot\spring-boot-starter-logging\2.4.4\spring-boot-starter-logging-2.4.4.jar;C:\Users\sanyo\.m2\repository\ch\qos\logback\logback-classic\1.2.3\logback-classic-1.2.3.jar;C:\Users\sanyo\.m2\repository\ch\qos\logback\logback-core\1.2.3\logback-core-1.2.3.jar;C:\Users\sanyo\.m2\repository\org\apache\logging\log4j\log4j-to-slf4j\2.13.3\log4j-to-slf4j-2.13.3.jar;C:\Users\sanyo\.m2\repository\org\apache\logging\log4j\log4j-api\2.13.3\log4j-api-2.13.3.jar;C:\Users\sanyo\.m2\repository\org\slf4j\jul-to-slf4j\1.7.30\jul-to-slf4j-1.7.30.jar;C:\Users\sanyo\.m2\repository\jakarta\annotation\jakarta.annotation-api\1.3.5\jakarta.annotation-api-1.3.5.jar;C:\Users\sanyo\.m2\repository\org\springframework\spring-core\5.3.5\spring-core-5.3.5.jar;C:\Users\sanyo\.m2\repository\org\springframework\spring-jcl\5.3.5\spring-jcl-5.3.5.jar;C:\Users\sanyo\.m2\repository\org\yaml\snakeyaml\1.27\snakeyaml-1.27.jar;C:\Users\sanyo\.m2\repository\org\springframework\boot\spring-boot-starter-web\2.4.4\spring-boot-starter-web-2.4.4.jar;C:\Users\sanyo\.m2\repository\org\springframework\boot\spring-boot-starter-json\2.4.4\spring-boot-starter-json-2.4.4.jar;C:\Users\sanyo\.m2\repository\com\fasterxml\jackson\core\jackson-databind\2.11.4\jackson-databind-2.11.4.jar;C:\Users\sanyo\.m2\repository\com\fasterxml\jackson\core\jackson-annotations\2.11.4\jackson-annotations-2.11.4.jar;C:\Users\sanyo\.m2\repository\com\fasterxml\jackson\core\jackson-core\2.11.4\jackson-core-2.11.4.jar;C:\Users\sanyo\.m2\repository\com\fasterxml\jackson\datatype\jackson-datatype-jdk8\2.11.4\jackson-datatype-jdk8-2.11.4.jar;C:\Users\sanyo\.m2\repository\com\fasterxml\jackson\datatype\jackson-datatype-jsr310\2.11.4\jackson-datatype-jsr310-2.11.4.jar;C:\Users\sanyo\.m2\repository\com\fasterxml\jackson\module\jackson-module-parameter-names\2.11.4\jackson-module-parameter-names-2.11.4.jar;C:\Users\sanyo\.m2\repository\org\springframework\boot\spring-boot-starter-tomcat\2.4.4\spring-boot-starter-tomcat-2.4.4.jar;C:\Users\sanyo\.m2\repository\org\apache\tomcat\embed\tomcat-embed-core\9.0.44\tomcat-embed-core-9.0.44.jar;C:\Users\sanyo\.m2\repository\org\glassfish\jakarta.el\3.0.3\jakarta.el-3.0.3.jar;C:\Users\sanyo\.m2\repository\org\apache\tomcat\embed\tomcat-embed-websocket\9.0.44\tomcat-embed-websocket-9.0.44.jar;C:\Users\sanyo\.m2\repository\org\springframework\spring-web\5.3.5\spring-web-5.3.5.jar;C:\Users\sanyo\.m2\repository\org\springframework\spring-beans\5.3.5\spring-beans-5.3.5.jar;C:\Users\sanyo\.m2\repository\org\springframework\spring-webmvc\5.3.5\spring-webmvc-5.3.5.jar;C:\Users\sanyo\.m2\repository\org\springframework\spring-aop\5.3.5\spring-aop-5.3.5.jar;C:\Users\sanyo\.m2\repository\org\springframework\spring-expression\5.3.5\spring-expression-5.3.5.jar;C:\Users\sanyo\.m2\repository\junit\junit\4.12\junit-4.12.jar;C:\Users\sanyo\.m2\repository\org\hamcrest\hamcrest-core\2.2\hamcrest-core-2.2.jar;C:\Users\sanyo\.m2\repository\org\hamcrest\hamcrest\2.2\hamcrest-2.2.jar;C:\Users\sanyo\.m2\repository\org\mockito\mockito-all\1.10.19\mockito-all-1.10.19.jar;C:\Users\sanyo\.m2\repository\org\slf4j\slf4j-api\1.7.30\slf4j-api-1.7.30.jar;C:\Users\sanyo\.m2\repository\org\slf4j\slf4j-simple\1.7.30\slf4j-simple-1.7.30.jar;C:\Users\sanyo\.m2\repository\commons-logging\commons-logging\1.2\commons-logging-1.2.jar;"/>
    <property name="sun.cpu.endian" value="little"/>
    <property name="user.home" value="C:\Users\sanyo"/>
    <property name="user.language" value="en"/>
    <property name="java.specification.vendor" value="Oracle Corporation"/>
    <property name="java.version.date" value="2020-07-14"/>
    <property name="java.home" value="C:\Program Files\Java\jdk-11.0.8"/>
    <property name="file.separator" value="\"/>
    <property name="basedir" value="C:\Users\sanyo\IdeaProjects\AirportManagementSystem"/>
    <property name="java.vm.compressedOopsMode" value="32-bit"/>
    <property name="line.separator" value="&#10;"/>
    <property name="java.specification.name" value="Java Platform API Specification"/>
    <property name="java.vm.specification.vendor" value="Oracle Corporation"/>
    <property name="java.awt.graphicsenv" value="sun.awt.Win32GraphicsEnvironment"/>
    <property name="surefire.real.class.path" value="C:\Users\sanyo\AppData\Local\Temp\surefire3788933161708901113\surefirebooter8979870603267230216.jar"/>
    <property name="user.script" value=""/>
    <property name="sun.management.compiler" value="HotSpot 64-Bit Tiered Compilers"/>
    <property name="java.runtime.version" value="11.0.8+10-LTS"/>
    <property name="user.name" value="sanyo"/>
    <property name="path.separator" value=";"/>
    <property name="os.version" value="10.0"/>
    <property name="java.runtime.name" value="Java(TM) SE Runtime Environment"/>
    <property name="file.encoding" value="Cp1252"/>
    <property name="java.vm.name" value="Java HotSpot(TM) 64-Bit Server VM"/>
    <property name="java.vendor.version" value="18.9"/>
    <property name="localRepository" value="C:\Users\sanyo\.m2\repository"/>
    <property name="java.vendor.url.bug" value="https://bugreport.java.com/bugreport/"/>
    <property name="java.io.tmpdir" value="C:\Users\sanyo\AppData\Local\Temp\"/>
    <property name="java.version" value="11.0.8"/>
    <property name="user.dir" value="C:\Users\sanyo\IdeaProjects\AirportManagementSystem"/>
    <property name="os.arch" value="amd64"/>
    <property name="java.vm.specification.name" value="Java Virtual Machine Specification"/>
    <property name="java.awt.printerjob" value="sun.awt.windows.WPrinterJob"/>
    <property name="sun.os.patch.level" value=""/>
    <property name="java.library.path" value="C:\Program Files\Java\jdk-11.0.8\bin;C:\WINDOWS\Sun\Java\bin;C:\WINDOWS\system32;C:\WINDOWS;C:\Program Files\Common Files\Oracle\Java\javapath;C:\Program Files (x86)\Common Files\Oracle\Java\javapath;C:\Oracle\product\12.2.0\dbhome_1\bin;C:\Users\sanyo\Work\Sanyog1\WINDOWS.X64_193000_db_home\bin;C:\WINDOWS\system32;C:\WINDOWS;C:\WINDOWS\System32\Wbem;C:\WINDOWS\System32\WindowsPowerShell\v1.0\;C:\WINDOWS\System32\OpenSSH\;C:\Program Files\Git\cmd;C:\Program Files\Docker\Docker\resources\bin;C:\ProgramData\DockerDesktop\version-bin;C:\Program Files\MySQL\MySQL Shell 8.0\bin\;C:\Users\sanyo\AppData\Local\Microsoft\WindowsApps;C:\apache-maven-3.8.1\bin;C:\Program Files\Java\jdk-11.0.8\bin;C:\Program Files\Git\bin;C:\Program Files\Git\cmd;C:\Program Files\MongoDB\Server\4.4\bin;;."/>
    <property name="java.vendor" value="Oracle Corporation"/>
    <property name="java.vm.info" value="mixed mode"/>
    <property name="java.vm.version" value="11.0.8+10-LTS"/>
    <property name="sun.io.unicode.encoding" value="UnicodeLittle"/>
    <property name="java.class.version" value="55.0"/>
  </properties>
  <testcase name="testListCountries" classname="com.airport.controller.AirportManagementControllerTest" time="0.033">
    <failure message="Not Yet Implemented" type="java.lang.AssertionError">java.lang.AssertionError: Not Yet Implemented
	at com.airport.controller.AirportManagementControllerTest.testListCountries(AirportManagementControllerTest.java:77)
</failure>
    <system-out><![CDATA[Before
After
]]></system-out>
  </testcase>
  <testcase name="testGetRandomAirport" classname="com.airport.controller.AirportManagementControllerTest" time="0.006">
    <failure message="Not Yet Implemented" type="java.lang.AssertionError">java.lang.AssertionError: Not Yet Implemented
	at com.airport.controller.AirportManagementControllerTest.testGetRandomAirport(AirportManagementControllerTest.java:73)
</failure>
    <system-out><![CDATA[Before
After
]]></system-out>
  </testcase>
  <testcase name="testLogin" classname="com.airport.controller.AirportManagementControllerTest" time="0.004">
    <failure message="Not Yet Implemented" type="java.lang.AssertionError">java.lang.AssertionError: Not Yet Implemented
	at com.airport.controller.AirportManagementControllerTest.testLogin(AirportManagementControllerTest.java:87)
</failure>
    <system-out><![CDATA[Before
After
]]></system-out>
  </testcase>
  <testcase name="testHelp" classname="com.airport.controller.AirportManagementControllerTest" time="0.001">
    <failure message="Not Yet Implemented" type="java.lang.AssertionError">java.lang.AssertionError: Not Yet Implemented
	at com.airport.controller.AirportManagementControllerTest.testHelp(AirportManagementControllerTest.java:96)
</failure>
    <system-out><![CDATA[Before
After
]]></system-out>
  </testcase>
  <testcase name="testListAllRegions" classname="com.airport.controller.AirportManagementControllerTest" time="0.013">
    <failure message="Not Yet Implemented" type="java.lang.AssertionError">java.lang.AssertionError: Not Yet Implemented
	at com.airport.controller.AirportManagementControllerTest.testListAllRegions(AirportManagementControllerTest.java:63)
</failure>
    <system-out><![CDATA[Before
After
]]></system-out>
  </testcase>
  <testcase name="testListAllNavaids" classname="com.airport.controller.AirportManagementControllerTest" time="0.001">
    <failure message="Not Yet Implemented" type="java.lang.AssertionError">java.lang.AssertionError: Not Yet Implemented
	at com.airport.controller.AirportManagementControllerTest.testListAllNavaids(AirportManagementControllerTest.java:68)
</failure>
    <system-out><![CDATA[Before
After
]]></system-out>
  </testcase>
  <testcase name="testFindAirportsByName" classname="com.airport.controller.AirportManagementControllerTest" time="0">
    <failure message="Not Yet Impemented" type="java.lang.AssertionError">java.lang.AssertionError: Not Yet Impemented
	at com.airport.controller.AirportManagementControllerTest.testFindAirportsByName(AirportManagementControllerTest.java:33)
</failure>
    <system-out><![CDATA[Before
After
]]></system-out>
  </testcase>
  <testcase name="testFindAirportsBySize" classname="com.airport.controller.AirportManagementControllerTest" time="0.001">
    <failure message="Not Yet Implemented" type="java.lang.AssertionError">java.lang.AssertionError: Not Yet Implemented
	at com.airport.controller.AirportManagementControllerTest.testFindAirportsBySize(AirportManagementControllerTest.java:43)
</failure>
    <system-out><![CDATA[Before
After
]]></system-out>
  </testcase>
  <testcase name="testFindAirportsByCountry" classname="com.airport.controller.AirportManagementControllerTest" time="0">
    <failure message="Not Yet Impemented" type="java.lang.AssertionError">java.lang.AssertionError: Not Yet Impemented
	at com.airport.controller.AirportManagementControllerTest.testFindAirportsByCountry(AirportManagementControllerTest.java:38)
</failure>
    <system-out><![CDATA[Before
After
]]></system-out>
  </testcase>
  <testcase name="testFindHelipads" classname="com.airport.controller.AirportManagementControllerTest" time="0.001">
    <failure message="Not Yet Implemented" type="java.lang.AssertionError">java.lang.AssertionError: Not Yet Implemented
	at com.airport.controller.AirportManagementControllerTest.testFindHelipads(AirportManagementControllerTest.java:53)
</failure>
    <system-out><![CDATA[Before
After
]]></system-out>
  </testcase>
  <testcase name="listAirportsSorted" classname="com.airport.controller.AirportManagementControllerTest" time="0">
    <failure message="Not Yet Implemented" type="java.lang.AssertionError">java.lang.AssertionError: Not Yet Implemented
	at com.airport.controller.AirportManagementControllerTest.listAirportsSorted(AirportManagementControllerTest.java:100)
</failure>
    <system-out><![CDATA[Before
After
]]></system-out>
  </testcase>
  <testcase name="testFindAirportsByRunways" classname="com.airport.controller.AirportManagementControllerTest" time="0">
    <failure message="Not Yet Implemented" type="java.lang.AssertionError">java.lang.AssertionError: Not Yet Implemented
	at com.airport.controller.AirportManagementControllerTest.testFindAirportsByRunways(AirportManagementControllerTest.java:48)
</failure>
    <system-out><![CDATA[Before
After
]]></system-out>
  </testcase>
  <testcase name="testListContinents" classname="com.airport.controller.AirportManagementControllerTest" time="0">
    <failure message="Not Yet Implemented" type="java.lang.AssertionError">java.lang.AssertionError: Not Yet Implemented
	at com.airport.controller.AirportManagementControllerTest.testListContinents(AirportManagementControllerTest.java:82)
</failure>
    <system-out><![CDATA[Before
After
]]></system-out>
  </testcase>
  <testcase name="listAirportsPaginated" classname="com.airport.controller.AirportManagementControllerTest" time="0">
    <failure message="Not Yet Implemented" type="java.lang.AssertionError">java.lang.AssertionError: Not Yet Implemented
	at com.airport.controller.AirportManagementControllerTest.listAirportsPaginated(AirportManagementControllerTest.java:104)
</failure>
    <system-out><![CDATA[Before
After
]]></system-out>
  </testcase>
  <testcase name="testFindAirportsByContinent" classname="com.airport.controller.AirportManagementControllerTest" time="0.001">
    <failure message="Not Yet Implemented" type="java.lang.AssertionError">java.lang.AssertionError: Not Yet Implemented
	at com.airport.controller.AirportManagementControllerTest.testFindAirportsByContinent(AirportManagementControllerTest.java:58)
</failure>
    <system-out><![CDATA[Before
After
]]></system-out>
  </testcase>
  <testcase name="testSignup" classname="com.airport.controller.AirportManagementControllerTest" time="0">
    <failure message="Not Yet Implemented" type="java.lang.AssertionError">java.lang.AssertionError: Not Yet Implemented
	at com.airport.controller.AirportManagementControllerTest.testSignup(AirportManagementControllerTest.java:92)
</failure>
    <system-out><![CDATA[Before
After
]]></system-out>
  </testcase>
  <testcase name="testListAllAirports" classname="com.airport.controller.AirportManagementControllerTest" time="0.001">
    <failure message="Not implemented" type="java.lang.AssertionError">java.lang.AssertionError: Not implemented
	at com.airport.controller.AirportManagementControllerTest.testListAllAirports(AirportManagementControllerTest.java:28)
</failure>
    <system-out><![CDATA[Before
After
]]></system-out>
  </testcase>
</testsuite>